Started GET "/" for 127.0.0.1 at 2018-07-15 17:40:13 -0300
Processing by Rails::WelcomeController#index as HTML
  Rendering /Users/amiewalton/.rbenv/versions/2.4.2/lib/ruby/gems/2.4.0/gems/railties-5.2.0/lib/rails/templates/rails/welcome/index.html.erb
  Rendered /Users/amiewalton/.rbenv/versions/2.4.2/lib/ruby/gems/2.4.0/gems/railties-5.2.0/lib/rails/templates/rails/welcome/index.html.erb (8.3ms)
Completed 200 OK in 48ms (Views: 31.1ms | ActiveRecord: 0.0ms)


Started GET "/" for 127.0.0.1 at 2018-07-15 17:40:18 -0300
Processing by Rails::WelcomeController#index as HTML
  Rendering /Users/amiewalton/.rbenv/versions/2.4.2/lib/ruby/gems/2.4.0/gems/railties-5.2.0/lib/rails/templates/rails/welcome/index.html.erb
  Rendered /Users/amiewalton/.rbenv/versions/2.4.2/lib/ruby/gems/2.4.0/gems/railties-5.2.0/lib/rails/templates/rails/welcome/index.html.erb (3.4ms)
Completed 200 OK in 12ms (Views: 8.1ms | ActiveRecord: 0.0ms)


Started GET "/" for 127.0.0.1 at 2018-07-15 17:40:20 -0300
Processing by Rails::WelcomeController#index as HTML
  Rendering /Users/amiewalton/.rbenv/versions/2.4.2/lib/ruby/gems/2.4.0/gems/railties-5.2.0/lib/rails/templates/rails/welcome/index.html.erb
  Rendered /Users/amiewalton/.rbenv/versions/2.4.2/lib/ruby/gems/2.4.0/gems/railties-5.2.0/lib/rails/templates/rails/welcome/index.html.erb (3.7ms)
Completed 200 OK in 12ms (Views: 7.8ms | ActiveRecord: 0.0ms)


  [1m[35m (0.1ms)[0m  [1m[34mSELECT sqlite_version(*)[0m
  ↳ bin/rails:9
  [1m[35m (4.5ms)[0m  [1m[35mCREATE TABLE "schema_migrations" ("version" varchar NOT NULL PRIMARY KEY)[0m
  ↳ bin/rails:9
  [1m[35m (1.4ms)[0m  [1m[35mCREATE TABLE "ar_internal_metadata" ("key" varchar NOT NULL PRIMARY KEY, "value" varchar, "created_at" datetime NOT NULL, "updated_at" datetime NOT NULL)[0m
  ↳ bin/rails:9
  [1m[35m (0.2ms)[0m  [1m[34mSELECT "schema_migrations"."version" FROM "schema_migrations" ORDER BY "schema_migrations"."version" ASC[0m
  ↳ bin/rails:9
Migrating to CreateIdeas (20180715204134)
  [1m[35m (0.1ms)[0m  [1m[36mbegin transaction[0m
  ↳ bin/rails:9
  [1m[35m (0.8ms)[0m  [1m[35mCREATE TABLE "ideas" ("id" integer PRIMARY KEY AUTOINCREMENT NOT NULL, "name" varchar, "description" text, "picture" varchar, "created_at" datetime NOT NULL, "updated_at" datetime NOT NULL)[0m
  ↳ db/migrate/20180715204134_create_ideas.rb:3
  [1m[36mActiveRecord::SchemaMigration Create (0.2ms)[0m  [1m[32mINSERT INTO "schema_migrations" ("version") VALUES (?)[0m  [["version", "20180715204134"]]
  ↳ bin/rails:9
  [1m[35m (2.5ms)[0m  [1m[36mcommit transaction[0m
  ↳ bin/rails:9
  [1m[36mActiveRecord::InternalMetadata Load (0.3ms)[0m  [1m[34mSELECT  "ar_internal_metadata".* FROM "ar_internal_metadata" WHERE "ar_internal_metadata"."key" = ? LIMIT ?[0m  [["key", "environment"], ["LIMIT", 1]]
  ↳ bin/rails:9
  [1m[35m (0.1ms)[0m  [1m[36mbegin transaction[0m
  ↳ bin/rails:9
  [1m[36mActiveRecord::InternalMetadata Create (0.6ms)[0m  [1m[32mINSERT INTO "ar_internal_metadata" ("key", "value", "created_at", "updated_at") VALUES (?, ?, ?, ?)[0m  [["key", "environment"], ["value", "development"], ["created_at", "2018-07-15 20:41:56.347254"], ["updated_at", "2018-07-15 20:41:56.347254"]]
  ↳ bin/rails:9
  [1m[35m (2.5ms)[0m  [1m[36mcommit transaction[0m
  ↳ bin/rails:9
  [1m[35m (0.3ms)[0m  [1m[34mSELECT "schema_migrations"."version" FROM "schema_migrations" ORDER BY "schema_migrations"."version" ASC[0m
  ↳ bin/rails:9
Started GET "/ideas" for 127.0.0.1 at 2018-07-15 17:42:13 -0300
  [1m[35m (0.3ms)[0m  [1m[34mSELECT "schema_migrations"."version" FROM "schema_migrations" ORDER BY "schema_migrations"."version" ASC[0m
  ↳ /Users/amiewalton/.rbenv/versions/2.4.2/lib/ruby/gems/2.4.0/gems/activerecord-5.2.0/lib/active_record/log_subscriber.rb:98
Processing by IdeasController#index as HTML
  Rendering ideas/index.html.erb within layouts/application
  [1m[36mIdea Load (0.3ms)[0m  [1m[34mSELECT "ideas".* FROM "ideas"[0m
  ↳ app/views/ideas/index.html.erb:16
  Rendered ideas/index.html.erb within layouts/application (8.7ms)
Completed 200 OK in 1357ms (Views: 1335.4ms | ActiveRecord: 0.7ms)


Started GET "/ideas" for 127.0.0.1 at 2018-07-15 17:59:09 -0300
  [1m[35m (2.5ms)[0m  [1m[34mSELECT "schema_migrations"."version" FROM "schema_migrations" ORDER BY "schema_migrations"."version" ASC[0m
  ↳ /Users/amiewalton/.rbenv/versions/2.4.2/lib/ruby/gems/2.4.0/gems/activerecord-5.2.0/lib/active_record/log_subscriber.rb:98
Processing by IdeasController#index as HTML
  Rendering ideas/index.html.erb within layouts/application
  [1m[36mIdea Load (3.0ms)[0m  [1m[34mSELECT "ideas".* FROM "ideas"[0m
  ↳ app/views/ideas/index.html.erb:16
  Rendered ideas/index.html.erb within layouts/application (10.9ms)
Completed 200 OK in 412ms (Views: 386.2ms | ActiveRecord: 3.6ms)


Started GET "/ideas" for 127.0.0.1 at 2018-07-15 18:09:32 -0300
  [1m[35m (2.4ms)[0m  [1m[34mSELECT "schema_migrations"."version" FROM "schema_migrations" ORDER BY "schema_migrations"."version" ASC[0m
  ↳ /Users/amiewalton/.rbenv/versions/2.4.2/lib/ruby/gems/2.4.0/gems/activerecord-5.2.0/lib/active_record/log_subscriber.rb:98
Processing by IdeasController#index as HTML
  Rendering ideas/index.html.erb within layouts/application
  [1m[36mIdea Load (3.0ms)[0m  [1m[34mSELECT "ideas".* FROM "ideas"[0m
  ↳ app/views/ideas/index.html.erb:16
  Rendered ideas/index.html.erb within layouts/application (11.7ms)
Completed 200 OK in 478ms (Views: 440.3ms | ActiveRecord: 4.1ms)


Started GET "/ideas" for 127.0.0.1 at 2018-07-15 18:09:38 -0300
Processing by IdeasController#index as HTML
  Rendering ideas/index.html.erb within layouts/application
  [1m[36mIdea Load (0.2ms)[0m  [1m[34mSELECT "ideas".* FROM "ideas"[0m
  ↳ app/views/ideas/index.html.erb:16
  Rendered ideas/index.html.erb within layouts/application (1.6ms)
Completed 200 OK in 25ms (Views: 21.5ms | ActiveRecord: 0.2ms)


Started GET "/" for 127.0.0.1 at 2018-07-15 18:09:50 -0300
Processing by Rails::WelcomeController#index as HTML
  Rendering /Users/amiewalton/.rbenv/versions/2.4.2/lib/ruby/gems/2.4.0/gems/railties-5.2.0/lib/rails/templates/rails/welcome/index.html.erb
  Rendered /Users/amiewalton/.rbenv/versions/2.4.2/lib/ruby/gems/2.4.0/gems/railties-5.2.0/lib/rails/templates/rails/welcome/index.html.erb (4.5ms)
Completed 200 OK in 18ms (Views: 8.8ms | ActiveRecord: 0.0ms)


Started GET "/ideas" for 127.0.0.1 at 2018-07-15 18:10:13 -0300
Processing by IdeasController#index as HTML
  Rendering ideas/index.html.erb within layouts/application
  [1m[36mIdea Load (0.2ms)[0m  [1m[34mSELECT "ideas".* FROM "ideas"[0m
  ↳ app/views/ideas/index.html.erb:16
  Rendered ideas/index.html.erb within layouts/application (1.8ms)
Completed 200 OK in 66ms (Views: 63.6ms | ActiveRecord: 0.2ms)


Started GET "/ideas" for 127.0.0.1 at 2018-07-15 18:15:01 -0300
Processing by IdeasController#index as HTML
  Rendering ideas/index.html.erb within layouts/application
  [1m[36mIdea Load (0.2ms)[0m  [1m[34mSELECT "ideas".* FROM "ideas"[0m
  ↳ app/views/ideas/index.html.erb:16
  Rendered ideas/index.html.erb within layouts/application (2.4ms)
Completed 200 OK in 64ms (Views: 60.5ms | ActiveRecord: 0.2ms)


Started GET "/ideas" for 127.0.0.1 at 2018-07-15 18:15:05 -0300
Processing by IdeasController#index as HTML
  Rendering ideas/index.html.erb within layouts/application
  [1m[36mIdea Load (0.5ms)[0m  [1m[34mSELECT "ideas".* FROM "ideas"[0m
  ↳ app/views/ideas/index.html.erb:16
  Rendered ideas/index.html.erb within layouts/application (3.2ms)
Completed 200 OK in 28ms (Views: 25.7ms | ActiveRecord: 0.5ms)


Started GET "/ideas" for 127.0.0.1 at 2018-07-15 18:15:12 -0300
Processing by IdeasController#index as HTML
  Rendering ideas/index.html.erb within layouts/application
  [1m[36mIdea Load (0.2ms)[0m  [1m[34mSELECT "ideas".* FROM "ideas"[0m
  ↳ app/views/ideas/index.html.erb:16
  Rendered ideas/index.html.erb within layouts/application (2.3ms)
Completed 200 OK in 66ms (Views: 61.6ms | ActiveRecord: 0.2ms)


Started GET "/" for 127.0.0.1 at 2018-07-15 18:15:14 -0300
Processing by Rails::WelcomeController#index as HTML
  Rendering /Users/amiewalton/.rbenv/versions/2.4.2/lib/ruby/gems/2.4.0/gems/railties-5.2.0/lib/rails/templates/rails/welcome/index.html.erb
  Rendered /Users/amiewalton/.rbenv/versions/2.4.2/lib/ruby/gems/2.4.0/gems/railties-5.2.0/lib/rails/templates/rails/welcome/index.html.erb (5.5ms)
Completed 200 OK in 21ms (Views: 10.1ms | ActiveRecord: 0.0ms)


Started GET "/" for 127.0.0.1 at 2018-07-15 18:15:14 -0300
Processing by Rails::WelcomeController#index as HTML
  Rendering /Users/amiewalton/.rbenv/versions/2.4.2/lib/ruby/gems/2.4.0/gems/railties-5.2.0/lib/rails/templates/rails/welcome/index.html.erb
  Rendered /Users/amiewalton/.rbenv/versions/2.4.2/lib/ruby/gems/2.4.0/gems/railties-5.2.0/lib/rails/templates/rails/welcome/index.html.erb (3.7ms)
Completed 200 OK in 12ms (Views: 8.2ms | ActiveRecord: 0.0ms)


Started GET "/ideas" for 127.0.0.1 at 2018-07-15 18:15:20 -0300
Processing by IdeasController#index as HTML
  Rendering ideas/index.html.erb within layouts/application
  [1m[36mIdea Load (0.6ms)[0m  [1m[34mSELECT "ideas".* FROM "ideas"[0m
  ↳ app/views/ideas/index.html.erb:16
  Rendered ideas/index.html.erb within layouts/application (3.0ms)
Completed 200 OK in 34ms (Views: 30.5ms | ActiveRecord: 0.6ms)


Started GET "/ideas/new" for 127.0.0.1 at 2018-07-15 18:15:23 -0300
Processing by IdeasController#new as HTML
  Rendering ideas/new.html.erb within layouts/application
  Rendered ideas/_form.html.erb (81.1ms)
  Rendered ideas/new.html.erb within layouts/application (89.5ms)
Completed 200 OK in 150ms (Views: 126.5ms | ActiveRecord: 0.7ms)


Started POST "/ideas" for 127.0.0.1 at 2018-07-15 18:15:39 -0300
Processing by IdeasController#create as HTML
  Parameters: {"utf8"=>"✓", "authenticity_token"=>"UEirdipewk650r1LhDg1dcs2a7xbLLrCF8tTHYKMF5LfeXfXh67eCxbsj11YWp+RDf402xxSienV/RpK5i5D/A==", "idea"=>{"name"=>"new pic", "description"=>"", "picture"=>#<ActionDispatch::Http::UploadedFile:0x00007f87ed2620b0 @tempfile=#<Tempfile:/var/folders/c5/b0jdk2_n3db71rhnv7vg4pn00000gn/T/RackMultipart20180715-12015-r3pfhr.png>, @original_filename="soul mates.png", @content_type="image/png", @headers="Content-Disposition: form-data; name=\"idea[picture]\"; filename=\"soul mates.png\"\r\nContent-Type: image/png\r\n">}, "commit"=>"Create Idea"}
  [1m[35m (0.2ms)[0m  [1m[36mbegin transaction[0m
  ↳ app/controllers/ideas_controller.rb:30
  [1m[36mIdea Create (3.2ms)[0m  [1m[32mINSERT INTO "ideas" ("name", "description", "picture", "created_at", "updated_at") VALUES (?, ?, ?, ?, ?)[0m  [["name", "new pic"], ["description", ""], ["picture", "soul_mates.png"], ["created_at", "2018-07-15 21:15:39.824121"], ["updated_at", "2018-07-15 21:15:39.824121"]]
  ↳ app/controllers/ideas_controller.rb:30
  [1m[35m (2.2ms)[0m  [1m[36mcommit transaction[0m
  ↳ app/controllers/ideas_controller.rb:30
Redirected to http://localhost:3000/ideas/1
Completed 302 Found in 28ms (ActiveRecord: 5.5ms)


Started GET "/ideas/1" for 127.0.0.1 at 2018-07-15 18:15:39 -0300
Processing by IdeasController#show as HTML
  Parameters: {"id"=>"1"}
  [1m[36mIdea Load (0.3ms)[0m  [1m[34mSELECT  "ideas".* FROM "ideas" WHERE "ideas"."id" = ? LIMIT ?[0m  [["id", 1], ["LIMIT", 1]]
  ↳ app/controllers/ideas_controller.rb:67
  Rendering ideas/show.html.erb within layouts/application
  Rendered ideas/show.html.erb within layouts/application (1.2ms)
Completed 200 OK in 72ms (Views: 59.5ms | ActiveRecord: 0.3ms)


Started GET "/" for 127.0.0.1 at 2018-07-15 18:19:23 -0300
Started GET "/ideas" for 127.0.0.1 at 2018-07-15 18:19:23 -0300
Processing by IdeasController#index as HTML
  Rendering ideas/index.html.erb within layouts/application
  [1m[36mIdea Load (0.2ms)[0m  [1m[34mSELECT "ideas".* FROM "ideas"[0m
  ↳ app/views/ideas/index.html.erb:16
  Rendered ideas/index.html.erb within layouts/application (8.3ms)
Completed 200 OK in 90ms (Views: 73.4ms | ActiveRecord: 0.8ms)


Started GET "/" for 127.0.0.1 at 2018-07-15 18:19:28 -0300
Started GET "/ideas" for 127.0.0.1 at 2018-07-15 18:19:28 -0300
Processing by IdeasController#index as HTML
  Rendering ideas/index.html.erb within layouts/application
  [1m[36mIdea Load (0.7ms)[0m  [1m[34mSELECT "ideas".* FROM "ideas"[0m
  ↳ app/views/ideas/index.html.erb:16
  Rendered ideas/index.html.erb within layouts/application (4.7ms)
Completed 200 OK in 40ms (Views: 37.4ms | ActiveRecord: 0.7ms)


Started GET "/" for 127.0.0.1 at 2018-07-15 18:21:59 -0300
Started GET "/ideas" for 127.0.0.1 at 2018-07-15 18:21:59 -0300
Processing by IdeasController#index as HTML
  Rendering ideas/index.html.erb within layouts/application
  [1m[36mIdea Load (0.2ms)[0m  [1m[34mSELECT "ideas".* FROM "ideas"[0m
  ↳ app/views/ideas/index.html.erb:16
  Rendered ideas/index.html.erb within layouts/application (12.9ms)
Completed 200 OK in 194ms (Views: 177.5ms | ActiveRecord: 0.9ms)


Started GET "/ideas/pages" for 127.0.0.1 at 2018-07-15 18:22:04 -0300
Processing by IdeasController#show as HTML
  Parameters: {"id"=>"pages"}
  [1m[36mIdea Load (0.2ms)[0m  [1m[34mSELECT  "ideas".* FROM "ideas" WHERE "ideas"."id" = ? LIMIT ?[0m  [["id", 0], ["LIMIT", 1]]
  ↳ app/controllers/ideas_controller.rb:67
Completed 404 Not Found in 2ms (ActiveRecord: 0.2ms)


  
ActiveRecord::RecordNotFound (Couldn't find Idea with 'id'=pages):
  
app/controllers/ideas_controller.rb:67:in `set_idea'
Started GET "/pages/info" for 127.0.0.1 at 2018-07-15 18:22:33 -0300
Processing by PagesController#info as HTML
  Rendering pages/info.html.erb within layouts/application
  Rendered pages/info.html.erb within layouts/application (0.7ms)
Completed 200 OK in 74ms (Views: 68.2ms | ActiveRecord: 0.0ms)


Started GET "/pages/info" for 127.0.0.1 at 2018-07-15 18:23:01 -0300
Processing by PagesController#info as HTML
  Rendering pages/info.html.erb within layouts/application
  Rendered pages/info.html.erb within layouts/application (0.4ms)
Completed 200 OK in 84ms (Views: 81.2ms | ActiveRecord: 0.0ms)


Started GET "/" for 127.0.0.1 at 2018-07-15 18:24:36 -0300
Started GET "/ideas" for 127.0.0.1 at 2018-07-15 18:24:36 -0300
Processing by IdeasController#index as HTML
  Rendering ideas/index.html.erb within layouts/application
  [1m[36mIdea Load (0.2ms)[0m  [1m[34mSELECT "ideas".* FROM "ideas"[0m
  ↳ app/views/ideas/index.html.erb:16
  Rendered ideas/index.html.erb within layouts/application (2.6ms)
Completed 200 OK in 92ms (Views: 87.9ms | ActiveRecord: 0.2ms)


Started GET "/ideas" for 127.0.0.1 at 2018-07-15 18:24:39 -0300
Processing by IdeasController#index as HTML
  Rendering ideas/index.html.erb within layouts/application
  [1m[36mIdea Load (0.2ms)[0m  [1m[34mSELECT "ideas".* FROM "ideas"[0m
  ↳ app/views/ideas/index.html.erb:16
  Rendered ideas/index.html.erb within layouts/application (3.6ms)
Completed 200 OK in 40ms (Views: 37.3ms | ActiveRecord: 0.2ms)


Started GET "/ideas" for 127.0.0.1 at 2018-07-15 18:24:40 -0300
Processing by IdeasController#index as HTML
  Rendering ideas/index.html.erb within layouts/application
  [1m[36mIdea Load (0.4ms)[0m  [1m[34mSELECT "ideas".* FROM "ideas"[0m
  ↳ app/views/ideas/index.html.erb:16
  Rendered ideas/index.html.erb within layouts/application (11.5ms)
Completed 200 OK in 64ms (Views: 59.7ms | ActiveRecord: 0.4ms)


Started GET "/pages/info" for 127.0.0.1 at 2018-07-15 18:24:44 -0300
Processing by PagesController#info as HTML
  Rendering pages/info.html.erb within layouts/application
  Rendered pages/info.html.erb within layouts/application (0.5ms)
Completed 200 OK in 42ms (Views: 36.1ms | ActiveRecord: 0.0ms)


Started GET "/ideas" for 127.0.0.1 at 2018-07-15 18:24:46 -0300
Processing by IdeasController#index as HTML
  Rendering ideas/index.html.erb within layouts/application
  [1m[36mIdea Load (0.2ms)[0m  [1m[34mSELECT "ideas".* FROM "ideas"[0m
  ↳ app/views/ideas/index.html.erb:16
  Rendered ideas/index.html.erb within layouts/application (3.1ms)
Completed 200 OK in 80ms (Views: 76.4ms | ActiveRecord: 0.2ms)


Started GET "/pages/info" for 127.0.0.1 at 2018-07-15 18:24:47 -0300
Processing by PagesController#info as HTML
  Rendering pages/info.html.erb within layouts/application
  Rendered pages/info.html.erb within layouts/application (0.6ms)
Completed 200 OK in 57ms (Views: 53.2ms | ActiveRecord: 0.0ms)


